<?xml version="1.0" encoding="UTF-8"?>
<!-- Generated by org.testng.reporters.JUnitReportReporter -->
<testsuite hostname="LAPTOP-RD42EFMM" failures="0" tests="1" name="TestDemo1.DatePicker" time="34.886" errors="0" timestamp="2025-08-20T15:11:17 IST" skipped="0">
  <testcase classname="TestDemo1.DatePicker" name="testDatePicker" time="34.886"/>
</testsuite> <!-- TestDemo1.DatePicker -->
