<?xml version="1.0" encoding="UTF-8"?>
<!-- Generated by org.testng.reporters.JUnitReportReporter -->
<testsuite hostname="LAPTOP-RD42EFMM" failures="0" tests="1" name="TestDemo1.MultipleTabs" time="16.399" errors="0" timestamp="2025-08-20T15:17:35 IST" skipped="0">
  <testcase classname="TestDemo1.MultipleTabs" name="testMultipleWindows" time="16.399"/>
</testsuite> <!-- TestDemo1.MultipleTabs -->
