<?xml version="1.0" encoding="UTF-8"?>
<!-- Generated by org.testng.reporters.JUnitReportReporter -->
<testsuite hostname="LAPTOP-RD42EFMM" failures="0" tests="2" name="TestDemo1.Application1" time="4.912" errors="0" timestamp="2025-08-13T10:52:43 IST" skipped="0">
  <testcase classname="TestDemo1.Application1" name="launchGoogle" time="1.124"/>
  <testcase classname="TestDemo1.Application1" name="RegisterNewUser" time="3.788"/>
</testsuite> <!-- TestDemo1.Application1 -->
