<?xml version="1.0" encoding="UTF-8"?>
<!-- Generated by org.testng.reporters.JUnitReportReporter -->
<testsuite hostname="LAPTOP-RD42EFMM" failures="0" tests="1" name="TestDemo1.Demo1" time="0.008" errors="0" timestamp="2025-08-12T14:16:19 IST" skipped="0">
  <testcase classname="TestDemo1.Demo1" name="add" time="0.008"/>
</testsuite> <!-- TestDemo1.Demo1 -->
